2025-08-09 14:33:38:3338 [31merror[39m: [31mDatabase run error: SQLITE_ERROR: table sessions has no column named refresh_token[39m
2025-08-09 14:33:38:3338 [31merror[39m: [31mLogin error: SQLITE_ERROR: table sessions has no column named refresh_token[39m
2025-08-09 14:35:20:3520 [31merror[39m: [31mDatabase run error: SQLITE_ERROR: table sessions has no column named refresh_token[39m
2025-08-09 14:35:20:3520 [31merror[39m: [31mLogin error: SQLITE_ERROR: table sessions has no column named refresh_token[39m
2025-08-09 14:37:30:3730 [31merror[39m: [31mDatabase run error: SQLITE_ERROR: table projects has no column named title[39m
2025-08-09 14:37:30:3730 [31merror[39m: [31mCreate project error: SQLITE_ERROR: table projects has no column named title[39m
2025-08-09 14:40:46:4046 [31merror[39m: [31mDatabase run error: SQLITE_READONLY: attempt to write a readonly database[39m
2025-08-09 14:40:46:4046 [31merror[39m: [31mLogin error: SQLITE_READONLY: attempt to write a readonly database[39m
2025-08-09 14:40:46:4046 [31merror[39m: [31mAuthentication error: jwt malformed[39m
2025-08-09 14:52:28:5228 [31merror[39m: [31mDatabase run error: SQLITE_ERROR: no such column: area[39m
2025-08-09 14:52:28:5228 [31merror[39m: [31mUpdate project error: SQLITE_ERROR: no such column: area[39m
2025-08-09 14:54:30:5430 [31merror[39m: [31mDatabase run error: SQLITE_ERROR: no such column: image[39m
2025-08-09 14:54:30:5430 [31merror[39m: [31mUpdate project error: SQLITE_ERROR: no such column: image[39m
2025-08-09 14:54:47:5447 [31merror[39m: [31mDatabase run error: SQLITE_ERROR: no such column: image[39m
2025-08-09 14:54:47:5447 [31merror[39m: [31mUpdate project error: SQLITE_ERROR: no such column: image[39m
2025-08-09 15:43:14:4314 [31merror[39m: [31mDatabase run error: SQLITE_CONSTRAINT: UNIQUE constraint failed: content.key, content.language[39m
2025-08-09 15:43:14:4314 [31merror[39m: [31mUpdate content error: SQLITE_CONSTRAINT: UNIQUE constraint failed: content.key, content.language[39m
2025-08-09 15:43:22:4322 [31merror[39m: [31mDatabase run error: SQLITE_CONSTRAINT: UNIQUE constraint failed: content.key, content.language[39m
2025-08-09 15:43:22:4322 [31merror[39m: [31mUpdate content error: SQLITE_CONSTRAINT: UNIQUE constraint failed: content.key, content.language[39m
2025-08-09 16:45:37:4537 [31merror[39m: [31mAuthentication error: jwt malformed[39m
